./Makefile:29: INFO:C-A3
./include/dataframe.h:13: MINOR:C-L2
./include/dataframe.h:13: MINOR:C-L3
./include/dataframe.h:14: MINOR:C-L2
./include/dataframe.h:14: MINOR:C-L3
./include/dataframe.h:15: MINOR:C-L2
./include/dataframe.h:15: MINOR:C-L3
./include/dataframe.h:16: MINOR:C-L2
./include/dataframe.h:16: MINOR:C-L3
./include/dataframe.h:17: MINOR:C-L2
./include/dataframe.h:17: MINOR:C-L3
./include/dataframe.h:18: MINOR:C-L2
./include/dataframe.h:19: MINOR:C-L3
./include/dataframe.h:19: MINOR:C-V1
./include/dataframe.h:23: INFO:C-A3
./include/my_macro.h:12: INFO:C-A3
./src/main.c:19: MINOR:C-G7
./src/main.c:19: MINOR:C-L6
./src/parsing/handle_csv_parsing.c:30: MINOR:C-G7
./src/parsing/handle_csv_parsing.c:31: MINOR:C-G7
./src/parsing/handle_csv_parsing.c:54: INFO:C-A3
